<?xml version="1.0" encoding="UTF-8"?>
<testsuite xmlns:xsi="http://www.w3.org/2001/XMLSchema-instance" xsi:noNamespaceSchemaLocation="https://maven.apache.org/surefire/maven-surefire-plugin/xsd/surefire-test-report.xsd" name="bgu.spl.mics.FutureTest" time="0" tests="4" errors="1" skipped="0" failures="0">
  <properties>
[...]
</properties>
  <testcase name="testGet" classname="bgu.spl.mics.FutureTest" time="0"/>
  <testcase name="testResolve" classname="bgu.spl.mics.FutureTest" time="0"/>
  <testcase name="testIsDone" classname="bgu.spl.mics.FutureTest" time="0"/>
  <testcase name="testGetWithTimeOut" classname="bgu.spl.mics.FutureTest" time="0">
    <error type="java.lang.IllegalMonitorStateException">java.lang.IllegalMonitorStateException
	at bgu.spl.mics.FutureTest.testGetWithTimeOut(FutureTest.java:56)
</error>
  </testcase>
</testsuite>