<?xml version="1.0" encoding="UTF-8"?>
<testsuite xmlns:xsi="http://www.w3.org/2001/XMLSchema-instance" xsi:noNamespaceSchemaLocation="https://maven.apache.org/surefire/maven-surefire-plugin/xsd/surefire-test-report.xsd" name="bgu.spl.mics.MessageBusImplTest" time="0.053" tests="8" errors="3" skipped="0" failures="0">
  <properties>
[...]
</properties>
  <testcase name="testSubscribeBroadcast" classname="bgu.spl.mics.MessageBusImplTest" time="0.024"/>
  <testcase name="testRegister" classname="bgu.spl.mics.MessageBusImplTest" time="0.001"/>
  <testcase name="testComplete" classname="bgu.spl.mics.MessageBusImplTest" time="0.007">
    <error message="MicroService never register to the message bus" type="java.lang.IllegalStateException">java.lang.IllegalStateException: MicroService never register to the message bus
	at bgu.spl.mics.MessageBusImplTest.testComplete(MessageBusImplTest.java:55)
</error>
  </testcase>
  <testcase name="testUnregister" classname="bgu.spl.mics.MessageBusImplTest" time="0.001"/>
  <testcase name="testSubscribeEvent" classname="bgu.spl.mics.MessageBusImplTest" time="0.001"/>
  <testcase name="testSendBroadcast" classname="bgu.spl.mics.MessageBusImplTest" time="0.001"/>
  <testcase name="testSendEvent" classname="bgu.spl.mics.MessageBusImplTest" time="0.003">
    <error message="MicroService never register to the message bus" type="java.lang.IllegalStateException">java.lang.IllegalStateException: MicroService never register to the message bus
	at bgu.spl.mics.MessageBusImplTest.testSendEvent(MessageBusImplTest.java:75)
</error>
  </testcase>
  <testcase name="testAwaitMessage" classname="bgu.spl.mics.MessageBusImplTest" time="0.001">
    <error message="MicroService never register to the message bus" type="java.lang.IllegalStateException">java.lang.IllegalStateException: MicroService never register to the message bus
	at bgu.spl.mics.MessageBusImplTest.testAwaitMessage(MessageBusImplTest.java:109)
</error>
  </testcase>
</testsuite>